📋 Getting all product URLs...
Found 671 pages of products
Scraping page 1/50...
  Found 15 products on this page
Scraping page 2/50...
  Found 15 products on this page
Scraping page 3/50...
  Found 15 products on this page
Scraping page 4/50...
  Found 15 products on this page
Scraping page 5/50...
  Found 15 products on this page
Scraping page 6/50...
  Found 15 products on this page
Scraping page 7/50...
  Found 15 products on this page
Scraping page 8/50...
  Found 15 products on this page
Scraping page 9/50...
  Found 15 products on this page
Scraping page 10/50...
  Found 15 products on this page
Scraping page 11/50...
  Found 15 products on this page
Scraping page 12/50...
  Found 15 products on this page
Scraping page 13/50...
  Found 15 products on this page
Scraping page 14/50...
  Found 15 products on this page
Scraping page 15/50...
  Found 15 products on this page
Scraping page 16/50...
  Found 15 products on this page
Scraping page 17/50...
  Found 15 products on this page
Scraping page 18/50...
  Found 15 products on this page
Scraping page 19/50...
  Found 15 products on this page
Scraping page 20/50...
  Found 15 products on this page
Scraping page 21/50...
  Found 15 products on this page
Scraping page 22/50...
  Found 15 products on this page
Scraping page 23/50...
  Found 15 products on this page
Scraping page 24/50...
  Found 15 products on this page
Scraping page 25/50...
  Found 15 products on this page
Scraping page 26/50...
  Found 15 products on this page
Scraping page 27/50...
  Found 15 products on this page
Scraping page 28/50...
  Found 15 products on this page
Scraping page 29/50...
  Found 15 products on this page
Scraping page 30/50...
  Found 15 products on this page
Scraping page 31/50...
  Found 15 products on this page
Scraping page 32/50...
  Found 15 products on this page
Scraping page 33/50...
  Found 15 products on this page
Scraping page 34/50...
  Found 15 products on this page
Scraping page 35/50...
  Found 15 products on this page
Scraping page 36/50...
  Found 15 products on this page
Scraping page 37/50...
  Found 15 products on this page
Scraping page 38/50...
  Found 15 products on this page
Scraping page 39/50...
  Found 15 products on this page
Scraping page 40/50...
  Found 15 products on this page
Scraping page 41/50...
  Found 15 products on this page
Scraping page 42/50...
  Found 15 products on this page
Scraping page 43/50...
  Found 15 products on this page
Scraping page 44/50...
  Found 15 products on this page
Scraping page 45/50...
  Found 15 products on this page
Scraping page 46/50...
  Found 15 products on this page
Scraping page 47/50...
  Found 15 products on this page
Scraping page 48/50...
  Found 15 products on this page
Scraping page 49/50...
  Found 15 products on this page
Scraping page 50/50...
  Found 15 products on this page
✅ Total unique products: 15
[1/15] Scraping https://www.kibblelab.com/pet-food-finder/blue-buffalo-blue-wilderness-natural-wholesome-grains-salmon-and-chicken-grill-adult-wet-dog-food-1...
[2/15] Scraping https://www.kibblelab.com/pet-food-finder/friskies-extra-gravy-pate-with-chicken-in-savory-gravy-canned-cat-food-3...
[3/15] Scraping https://www.kibblelab.com/pet-food-finder/triumph-ocean-fish-canned-cat-food-11727...
[4/15] Scraping https://www.kibblelab.com/pet-food-finder/hills-science-diet-adult-oral-care-dry-dog-food-4...
[5/15] Scraping https://www.kibblelab.com/pet-food-finder/farm-hounds---pork-kidney---premium-natural-pork-kidney-jerky-for-dogs---made-from-100%2525-humanely-raised-pork---organ-treats---great-for-training-and-treats---no-added-fillers-8019...
[6/15] Scraping https://www.kibblelab.com/pet-food-finder/whole-life-natures-remedy-digestive-health-whole-food-5...
[7/15] Scraping https://www.kibblelab.com/pet-food-finder/vfs-canine-active-joints-formula-turkey-green-lip-mussels-eggshell-collagen-high-protein-diet-11316...
[8/15] Scraping https://www.kibblelab.com/pet-food-finder/bff-omg-stir-it-up-chicken-and-salmon-dinner-in-gravy-wet-cat-food-7...
[9/15] Scraping https://www.kibblelab.com/pet-food-finder/pet-n-shape-chik-n-rings-jerky-dog-treats-10125...
[10/15] Scraping https://www.kibblelab.com/pet-food-finder/orijen-six-fish-recipe-made-with-wild-caught-whole-herring-salmon-flounder-acadian-redfish-dry-cat-food-1150...
[11/15] Scraping https://www.kibblelab.com/pet-food-finder/life-essentials-by-cat-man-doo-freeze-dried-chicken-littles-for-dogs-and-cats-9201...
[12/15] Scraping https://www.kibblelab.com/pet-food-finder/royal-canin-small-puppy-dry-food-763...
[13/15] Scraping https://www.kibblelab.com/pet-food-finder/wellness-complete-health-natural-grain-free-gravies-turkey-dinner-canned-cat-food-10...
[14/15] Scraping https://www.kibblelab.com/pet-food-finder/merrick-oven-baked-dog-treats-natural-cookies-for-dogs-paw%25E2%2580%2599some-p%25E2%2580%2599nut-butter-cookie-with-real-peanut-butter-9335...
[15/15] Scraping https://www.kibblelab.com/pet-food-finder/blue-buffalo-freedom-adult-wet-dog-food-11...

✅ SCRAPING COMPLETE!
   Total scraped: 3
   Dogs: 1
   Cats: 2
   Brands: 3
   Success: 3, Failed: 12
